{"/Users/sam/color_picker_fe/src/apiCalls.js": {"path":"/Users/sam/color_picker_fe/src/apiCalls.js","statementMap":{"0":{"start":{"line":1,"column":32},"end":{"line":5,"column":1}},"1":{"start":{"line":2,"column":18},"end":{"line":2,"column":86}},"2":{"start":{"line":3,"column":14},"end":{"line":3,"column":35}},"3":{"start":{"line":4,"column":1},"end":{"line":4,"column":13}},"4":{"start":{"line":7,"column":32},"end":{"line":11,"column":1}},"5":{"start":{"line":8,"column":18},"end":{"line":8,"column":86}},"6":{"start":{"line":9,"column":14},"end":{"line":9,"column":35}},"7":{"start":{"line":10,"column":1},"end":{"line":10,"column":13}},"8":{"start":{"line":13,"column":28},"end":{"line":17,"column":1}},"9":{"start":{"line":14,"column":18},"end":{"line":14,"column":92}},"10":{"start":{"line":15,"column":14},"end":{"line":15,"column":35}},"11":{"start":{"line":16,"column":1},"end":{"line":16,"column":13}},"12":{"start":{"line":19,"column":28},"end":{"line":23,"column":1}},"13":{"start":{"line":20,"column":18},"end":{"line":20,"column":92}},"14":{"start":{"line":21,"column":14},"end":{"line":21,"column":35}},"15":{"start":{"line":22,"column":1},"end":{"line":22,"column":13}},"16":{"start":{"line":25,"column":26},"end":{"line":37,"column":1}},"17":{"start":{"line":26,"column":18},"end":{"line":32,"column":3}},"18":{"start":{"line":34,"column":15},"end":{"line":34,"column":92}},"19":{"start":{"line":35,"column":15},"end":{"line":35,"column":32}},"20":{"start":{"line":36,"column":2},"end":{"line":36,"column":13}},"21":{"start":{"line":39,"column":26},"end":{"line":51,"column":1}},"22":{"start":{"line":40,"column":18},"end":{"line":46,"column":3}},"23":{"start":{"line":48,"column":15},"end":{"line":48,"column":92}},"24":{"start":{"line":49,"column":15},"end":{"line":49,"column":32}},"25":{"start":{"line":50,"column":2},"end":{"line":50,"column":13}},"26":{"start":{"line":53,"column":29},"end":{"line":64,"column":1}},"27":{"start":{"line":54,"column":18},"end":{"line":59,"column":3}},"28":{"start":{"line":61,"column":16},"end":{"line":61,"column":99}},"29":{"start":{"line":62,"column":15},"end":{"line":62,"column":32}},"30":{"start":{"line":63,"column":2},"end":{"line":63,"column":13}},"31":{"start":{"line":66,"column":29},"end":{"line":77,"column":1}},"32":{"start":{"line":67,"column":18},"end":{"line":72,"column":3}},"33":{"start":{"line":74,"column":16},"end":{"line":74,"column":99}},"34":{"start":{"line":75,"column":15},"end":{"line":75,"column":32}},"35":{"start":{"line":76,"column":2},"end":{"line":76,"column":13}}},"fnMap":{"0":{"name":"(anonymous_0)","decl":{"start":{"line":1,"column":32},"end":{"line":1,"column":33}},"loc":{"start":{"line":1,"column":44},"end":{"line":5,"column":1}},"line":1},"1":{"name":"(anonymous_1)","decl":{"start":{"line":7,"column":32},"end":{"line":7,"column":33}},"loc":{"start":{"line":7,"column":44},"end":{"line":11,"column":1}},"line":7},"2":{"name":"(anonymous_2)","decl":{"start":{"line":13,"column":28},"end":{"line":13,"column":29}},"loc":{"start":{"line":13,"column":42},"end":{"line":17,"column":1}},"line":13},"3":{"name":"(anonymous_3)","decl":{"start":{"line":19,"column":28},"end":{"line":19,"column":29}},"loc":{"start":{"line":19,"column":42},"end":{"line":23,"column":1}},"line":19},"4":{"name":"(anonymous_4)","decl":{"start":{"line":25,"column":26},"end":{"line":25,"column":27}},"loc":{"start":{"line":25,"column":42},"end":{"line":37,"column":1}},"line":25},"5":{"name":"(anonymous_5)","decl":{"start":{"line":39,"column":26},"end":{"line":39,"column":27}},"loc":{"start":{"line":39,"column":42},"end":{"line":51,"column":1}},"line":39},"6":{"name":"(anonymous_6)","decl":{"start":{"line":53,"column":29},"end":{"line":53,"column":30}},"loc":{"start":{"line":53,"column":43},"end":{"line":64,"column":1}},"line":53},"7":{"name":"(anonymous_7)","decl":{"start":{"line":66,"column":29},"end":{"line":66,"column":30}},"loc":{"start":{"line":66,"column":43},"end":{"line":77,"column":1}},"line":66}},"branchMap":{},"s":{"0":2,"1":5,"2":3,"3":2,"4":2,"5":5,"6":3,"7":2,"8":2,"9":4,"10":3,"11":2,"12":2,"13":4,"14":3,"15":2,"16":2,"17":3,"18":3,"19":3,"20":2,"21":2,"22":3,"23":3,"24":3,"25":2,"26":2,"27":2,"28":2,"29":2,"30":2,"31":2,"32":2,"33":2,"34":2,"35":2},"f":{"0":5,"1":5,"2":4,"3":4,"4":3,"5":3,"6":2,"7":2},"b":{},"_coverageSchema":"43e27e138ebf9cfc5966b082cf9a028302ed4184","hash":"0c29b5b169bc89a4a5db58bf5cc17cbffc8b5950"}
,"/Users/sam/color_picker_fe/src/index.js": {"path":"/Users/sam/color_picker_fe/src/index.js","statementMap":{"0":{"start":{"line":7,"column":0},"end":{"line":12,"column":2}}},"fnMap":{},"branchMap":{},"s":{"0":0},"f":{},"b":{},"hash":"4159d32b78fd75b2abb74566d49d8f2be2b9b395"}
,"/Users/sam/color_picker_fe/src/components/App/App.js": {"path":"/Users/sam/color_picker_fe/src/components/App/App.js","statementMap":{"0":{"start":{"line":9,"column":4},"end":{"line":9,"column":12}},"1":{"start":{"line":10,"column":4},"end":{"line":22,"column":5}},"2":{"start":{"line":25,"column":22},"end":{"line":33,"column":3}},"3":{"start":{"line":26,"column":4},"end":{"line":28,"column":41}},"4":{"start":{"line":27,"column":24},"end":{"line":27,"column":51}},"5":{"start":{"line":28,"column":22},"end":{"line":28,"column":40}},"6":{"start":{"line":30,"column":4},"end":{"line":32,"column":41}},"7":{"start":{"line":31,"column":24},"end":{"line":31,"column":51}},"8":{"start":{"line":32,"column":22},"end":{"line":32,"column":40}},"9":{"start":{"line":35,"column":18},"end":{"line":38,"column":3}},"10":{"start":{"line":36,"column":4},"end":{"line":36,"column":55}},"11":{"start":{"line":37,"column":4},"end":{"line":37,"column":59}},"12":{"start":{"line":40,"column":18},"end":{"line":43,"column":3}},"13":{"start":{"line":41,"column":4},"end":{"line":41,"column":55}},"14":{"start":{"line":42,"column":4},"end":{"line":42,"column":59}},"15":{"start":{"line":45,"column":20},"end":{"line":51,"column":3}},"16":{"start":{"line":46,"column":4},"end":{"line":46,"column":76}},"17":{"start":{"line":47,"column":4},"end":{"line":47,"column":76}},"18":{"start":{"line":48,"column":4},"end":{"line":48,"column":76}},"19":{"start":{"line":49,"column":4},"end":{"line":49,"column":76}},"20":{"start":{"line":50,"column":4},"end":{"line":50,"column":76}},"21":{"start":{"line":54,"column":28},"end":{"line":54,"column":109}},"22":{"start":{"line":54,"column":66},"end":{"line":54,"column":108}},"23":{"start":{"line":55,"column":24},"end":{"line":57,"column":6}},"24":{"start":{"line":56,"column":6},"end":{"line":56,"column":104}},"25":{"start":{"line":56,"column":57},"end":{"line":56,"column":78}},"26":{"start":{"line":58,"column":28},"end":{"line":60,"column":8}},"27":{"start":{"line":59,"column":8},"end":{"line":59,"column":113}},"28":{"start":{"line":59,"column":66},"end":{"line":59,"column":87}},"29":{"start":{"line":61,"column":4},"end":{"line":68,"column":6}}},"fnMap":{"0":{"name":"(anonymous_0)","decl":{"start":{"line":8,"column":2},"end":{"line":8,"column":3}},"loc":{"start":{"line":8,"column":16},"end":{"line":23,"column":3}},"line":8},"1":{"name":"(anonymous_1)","decl":{"start":{"line":25,"column":22},"end":{"line":25,"column":23}},"loc":{"start":{"line":25,"column":28},"end":{"line":33,"column":3}},"line":25},"2":{"name":"(anonymous_2)","decl":{"start":{"line":27,"column":12},"end":{"line":27,"column":13}},"loc":{"start":{"line":27,"column":24},"end":{"line":27,"column":51}},"line":27},"3":{"name":"(anonymous_3)","decl":{"start":{"line":28,"column":13},"end":{"line":28,"column":14}},"loc":{"start":{"line":28,"column":22},"end":{"line":28,"column":40}},"line":28},"4":{"name":"(anonymous_4)","decl":{"start":{"line":31,"column":12},"end":{"line":31,"column":13}},"loc":{"start":{"line":31,"column":24},"end":{"line":31,"column":51}},"line":31},"5":{"name":"(anonymous_5)","decl":{"start":{"line":32,"column":13},"end":{"line":32,"column":14}},"loc":{"start":{"line":32,"column":22},"end":{"line":32,"column":40}},"line":32},"6":{"name":"(anonymous_6)","decl":{"start":{"line":35,"column":18},"end":{"line":35,"column":19}},"loc":{"start":{"line":35,"column":25},"end":{"line":38,"column":3}},"line":35},"7":{"name":"(anonymous_7)","decl":{"start":{"line":40,"column":18},"end":{"line":40,"column":19}},"loc":{"start":{"line":40,"column":25},"end":{"line":43,"column":3}},"line":40},"8":{"name":"(anonymous_8)","decl":{"start":{"line":45,"column":20},"end":{"line":45,"column":21}},"loc":{"start":{"line":45,"column":26},"end":{"line":51,"column":3}},"line":45},"9":{"name":"(anonymous_9)","decl":{"start":{"line":53,"column":2},"end":{"line":53,"column":3}},"loc":{"start":{"line":53,"column":11},"end":{"line":69,"column":3}},"line":53},"10":{"name":"(anonymous_10)","decl":{"start":{"line":54,"column":55},"end":{"line":54,"column":56}},"loc":{"start":{"line":54,"column":66},"end":{"line":54,"column":108}},"line":54},"11":{"name":"(anonymous_11)","decl":{"start":{"line":55,"column":44},"end":{"line":55,"column":45}},"loc":{"start":{"line":55,"column":55},"end":{"line":57,"column":5}},"line":55},"12":{"name":"(anonymous_12)","decl":{"start":{"line":56,"column":50},"end":{"line":56,"column":51}},"loc":{"start":{"line":56,"column":57},"end":{"line":56,"column":78}},"line":56},"13":{"name":"(anonymous_13)","decl":{"start":{"line":58,"column":52},"end":{"line":58,"column":53}},"loc":{"start":{"line":58,"column":63},"end":{"line":60,"column":7}},"line":58},"14":{"name":"(anonymous_14)","decl":{"start":{"line":59,"column":59},"end":{"line":59,"column":60}},"loc":{"start":{"line":59,"column":66},"end":{"line":59,"column":87}},"line":59}},"branchMap":{},"s":{"0":1,"1":1,"2":1,"3":1,"4":0,"5":0,"6":1,"7":0,"8":0,"9":1,"10":0,"11":0,"12":1,"13":0,"14":0,"15":1,"16":0,"17":0,"18":0,"19":0,"20":0,"21":1,"22":0,"23":1,"24":0,"25":0,"26":1,"27":0,"28":0,"29":1},"f":{"0":1,"1":1,"2":0,"3":0,"4":0,"5":0,"6":0,"7":0,"8":0,"9":1,"10":0,"11":0,"12":0,"13":0,"14":0},"b":{},"_coverageSchema":"43e27e138ebf9cfc5966b082cf9a028302ed4184","hash":"b70679467413082cf8f990a60c2cceeee3e66505"}
,"/Users/sam/color_picker_fe/src/components/Projects/Projects.js": {"path":"/Users/sam/color_picker_fe/src/components/Projects/Projects.js","statementMap":{"0":{"start":{"line":5,"column":4},"end":{"line":5,"column":12}},"1":{"start":{"line":6,"column":4},"end":{"line":8,"column":5}},"2":{"start":{"line":12,"column":4},"end":{"line":16,"column":5}}},"fnMap":{"0":{"name":"(anonymous_0)","decl":{"start":{"line":4,"column":2},"end":{"line":4,"column":3}},"loc":{"start":{"line":4,"column":16},"end":{"line":9,"column":3}},"line":4},"1":{"name":"(anonymous_1)","decl":{"start":{"line":11,"column":2},"end":{"line":11,"column":3}},"loc":{"start":{"line":11,"column":12},"end":{"line":17,"column":3}},"line":11}},"branchMap":{},"s":{"0":0,"1":0,"2":0},"f":{"0":0,"1":0},"b":{},"_coverageSchema":"43e27e138ebf9cfc5966b082cf9a028302ed4184","hash":"cf78213b2cb7e9fbca2a75518b18e14f78ac99cd"}
,"/Users/sam/color_picker_fe/src/components/Welcome/Welcome.js": {"path":"/Users/sam/color_picker_fe/src/components/Welcome/Welcome.js","statementMap":{"0":{"start":{"line":4,"column":16},"end":{"line":11,"column":1}},"1":{"start":{"line":6,"column":2},"end":{"line":10,"column":3}}},"fnMap":{"0":{"name":"(anonymous_0)","decl":{"start":{"line":4,"column":16},"end":{"line":4,"column":17}},"loc":{"start":{"line":4,"column":27},"end":{"line":11,"column":1}},"line":4}},"branchMap":{},"s":{"0":2,"1":1},"f":{"0":1},"b":{},"_coverageSchema":"43e27e138ebf9cfc5966b082cf9a028302ed4184","hash":"f01d759f7f7b279f16a30b3d476e114d271e2186"}
}
