{"/Users/sam/color_picker_fe/src/apiCalls.js": {"path":"/Users/sam/color_picker_fe/src/apiCalls.js","statementMap":{"0":{"start":{"line":1,"column":32},"end":{"line":5,"column":1}},"1":{"start":{"line":2,"column":18},"end":{"line":2,"column":86}},"2":{"start":{"line":3,"column":14},"end":{"line":3,"column":35}},"3":{"start":{"line":4,"column":1},"end":{"line":4,"column":13}},"4":{"start":{"line":7,"column":32},"end":{"line":11,"column":1}},"5":{"start":{"line":8,"column":18},"end":{"line":8,"column":86}},"6":{"start":{"line":9,"column":14},"end":{"line":9,"column":35}},"7":{"start":{"line":10,"column":1},"end":{"line":10,"column":13}},"8":{"start":{"line":13,"column":28},"end":{"line":17,"column":1}},"9":{"start":{"line":14,"column":18},"end":{"line":14,"column":92}},"10":{"start":{"line":15,"column":14},"end":{"line":15,"column":35}},"11":{"start":{"line":16,"column":1},"end":{"line":16,"column":13}},"12":{"start":{"line":19,"column":28},"end":{"line":23,"column":1}},"13":{"start":{"line":20,"column":18},"end":{"line":20,"column":92}},"14":{"start":{"line":21,"column":14},"end":{"line":21,"column":35}},"15":{"start":{"line":22,"column":1},"end":{"line":22,"column":13}},"16":{"start":{"line":25,"column":26},"end":{"line":37,"column":1}},"17":{"start":{"line":26,"column":18},"end":{"line":32,"column":3}},"18":{"start":{"line":34,"column":15},"end":{"line":34,"column":92}},"19":{"start":{"line":35,"column":15},"end":{"line":35,"column":32}},"20":{"start":{"line":36,"column":2},"end":{"line":36,"column":13}},"21":{"start":{"line":39,"column":26},"end":{"line":51,"column":1}},"22":{"start":{"line":40,"column":18},"end":{"line":46,"column":3}},"23":{"start":{"line":48,"column":15},"end":{"line":48,"column":92}},"24":{"start":{"line":49,"column":15},"end":{"line":49,"column":32}},"25":{"start":{"line":50,"column":2},"end":{"line":50,"column":13}},"26":{"start":{"line":53,"column":29},"end":{"line":64,"column":1}},"27":{"start":{"line":54,"column":18},"end":{"line":59,"column":3}},"28":{"start":{"line":61,"column":16},"end":{"line":61,"column":99}},"29":{"start":{"line":62,"column":15},"end":{"line":62,"column":32}},"30":{"start":{"line":63,"column":2},"end":{"line":63,"column":13}},"31":{"start":{"line":66,"column":29},"end":{"line":77,"column":1}},"32":{"start":{"line":67,"column":18},"end":{"line":72,"column":3}},"33":{"start":{"line":74,"column":16},"end":{"line":74,"column":99}},"34":{"start":{"line":75,"column":15},"end":{"line":75,"column":32}},"35":{"start":{"line":76,"column":2},"end":{"line":76,"column":13}},"36":{"start":{"line":79,"column":32},"end":{"line":91,"column":1}},"37":{"start":{"line":80,"column":18},"end":{"line":86,"column":3}},"38":{"start":{"line":88,"column":15},"end":{"line":88,"column":98}},"39":{"start":{"line":89,"column":15},"end":{"line":89,"column":32}},"40":{"start":{"line":90,"column":2},"end":{"line":90,"column":13}},"41":{"start":{"line":93,"column":33},"end":{"line":105,"column":1}},"42":{"start":{"line":94,"column":18},"end":{"line":100,"column":3}},"43":{"start":{"line":102,"column":15},"end":{"line":102,"column":98}},"44":{"start":{"line":103,"column":15},"end":{"line":103,"column":32}},"45":{"start":{"line":104,"column":2},"end":{"line":104,"column":13}}},"fnMap":{"0":{"name":"(anonymous_0)","decl":{"start":{"line":1,"column":32},"end":{"line":1,"column":33}},"loc":{"start":{"line":1,"column":44},"end":{"line":5,"column":1}},"line":1},"1":{"name":"(anonymous_1)","decl":{"start":{"line":7,"column":32},"end":{"line":7,"column":33}},"loc":{"start":{"line":7,"column":44},"end":{"line":11,"column":1}},"line":7},"2":{"name":"(anonymous_2)","decl":{"start":{"line":13,"column":28},"end":{"line":13,"column":29}},"loc":{"start":{"line":13,"column":42},"end":{"line":17,"column":1}},"line":13},"3":{"name":"(anonymous_3)","decl":{"start":{"line":19,"column":28},"end":{"line":19,"column":29}},"loc":{"start":{"line":19,"column":42},"end":{"line":23,"column":1}},"line":19},"4":{"name":"(anonymous_4)","decl":{"start":{"line":25,"column":26},"end":{"line":25,"column":27}},"loc":{"start":{"line":25,"column":42},"end":{"line":37,"column":1}},"line":25},"5":{"name":"(anonymous_5)","decl":{"start":{"line":39,"column":26},"end":{"line":39,"column":27}},"loc":{"start":{"line":39,"column":42},"end":{"line":51,"column":1}},"line":39},"6":{"name":"(anonymous_6)","decl":{"start":{"line":53,"column":29},"end":{"line":53,"column":30}},"loc":{"start":{"line":53,"column":43},"end":{"line":64,"column":1}},"line":53},"7":{"name":"(anonymous_7)","decl":{"start":{"line":66,"column":29},"end":{"line":66,"column":30}},"loc":{"start":{"line":66,"column":43},"end":{"line":77,"column":1}},"line":66},"8":{"name":"(anonymous_8)","decl":{"start":{"line":79,"column":32},"end":{"line":79,"column":33}},"loc":{"start":{"line":79,"column":52},"end":{"line":91,"column":1}},"line":79},"9":{"name":"(anonymous_9)","decl":{"start":{"line":93,"column":33},"end":{"line":93,"column":34}},"loc":{"start":{"line":93,"column":55},"end":{"line":105,"column":1}},"line":93}},"branchMap":{},"s":{"0":2,"1":4,"2":3,"3":2,"4":2,"5":4,"6":3,"7":2,"8":2,"9":4,"10":3,"11":2,"12":2,"13":4,"14":3,"15":2,"16":2,"17":3,"18":3,"19":3,"20":2,"21":2,"22":3,"23":3,"24":3,"25":2,"26":2,"27":2,"28":2,"29":2,"30":2,"31":2,"32":2,"33":2,"34":2,"35":2,"36":2,"37":4,"38":4,"39":4,"40":2,"41":2,"42":2,"43":2,"44":2,"45":2},"f":{"0":4,"1":4,"2":4,"3":4,"4":3,"5":3,"6":2,"7":2,"8":4,"9":2},"b":{},"_coverageSchema":"43e27e138ebf9cfc5966b082cf9a028302ed4184","hash":"7993689b6204869a188f8644dcfce2eb6c92d0d1"}
,"/Users/sam/color_picker_fe/src/index.js": {"path":"/Users/sam/color_picker_fe/src/index.js","statementMap":{"0":{"start":{"line":7,"column":0},"end":{"line":12,"column":2}}},"fnMap":{},"branchMap":{},"s":{"0":0},"f":{},"b":{},"hash":"4159d32b78fd75b2abb74566d49d8f2be2b9b395"}
,"/Users/sam/color_picker_fe/src/components/App/App.js": {"path":"/Users/sam/color_picker_fe/src/components/App/App.js","statementMap":{"0":{"start":{"line":11,"column":4},"end":{"line":11,"column":12}},"1":{"start":{"line":12,"column":4},"end":{"line":25,"column":5}},"2":{"start":{"line":28,"column":22},"end":{"line":31,"column":3}},"3":{"start":{"line":29,"column":4},"end":{"line":29,"column":23}},"4":{"start":{"line":30,"column":4},"end":{"line":30,"column":23}},"5":{"start":{"line":33,"column":16},"end":{"line":37,"column":3}},"6":{"start":{"line":34,"column":4},"end":{"line":36,"column":41}},"7":{"start":{"line":35,"column":24},"end":{"line":35,"column":51}},"8":{"start":{"line":36,"column":22},"end":{"line":36,"column":40}},"9":{"start":{"line":39,"column":16},"end":{"line":43,"column":3}},"10":{"start":{"line":40,"column":4},"end":{"line":42,"column":41}},"11":{"start":{"line":41,"column":24},"end":{"line":41,"column":51}},"12":{"start":{"line":42,"column":22},"end":{"line":42,"column":40}},"13":{"start":{"line":45,"column":18},"end":{"line":48,"column":3}},"14":{"start":{"line":46,"column":4},"end":{"line":46,"column":55}},"15":{"start":{"line":47,"column":4},"end":{"line":47,"column":59}},"16":{"start":{"line":50,"column":18},"end":{"line":60,"column":3}},"17":{"start":{"line":51,"column":4},"end":{"line":51,"column":55}},"18":{"start":{"line":52,"column":4},"end":{"line":52,"column":59}},"19":{"start":{"line":53,"column":4},"end":{"line":59,"column":8}},"20":{"start":{"line":62,"column":20},"end":{"line":79,"column":3}},"21":{"start":{"line":63,"column":68},"end":{"line":63,"column":78}},"22":{"start":{"line":64,"column":19},"end":{"line":64,"column":59}},"23":{"start":{"line":65,"column":4},"end":{"line":78,"column":5}},"24":{"start":{"line":66,"column":6},"end":{"line":66,"column":78}},"25":{"start":{"line":67,"column":6},"end":{"line":67,"column":78}},"26":{"start":{"line":68,"column":6},"end":{"line":68,"column":78}},"27":{"start":{"line":69,"column":6},"end":{"line":69,"column":78}},"28":{"start":{"line":70,"column":6},"end":{"line":70,"column":78}},"29":{"start":{"line":72,"column":6},"end":{"line":77,"column":8}},"30":{"start":{"line":73,"column":8},"end":{"line":76,"column":9}},"31":{"start":{"line":74,"column":30},"end":{"line":74,"column":49}},"32":{"start":{"line":75,"column":10},"end":{"line":75,"column":88}},"33":{"start":{"line":81,"column":22},"end":{"line":83,"column":3}},"34":{"start":{"line":82,"column":4},"end":{"line":82,"column":42}},"35":{"start":{"line":85,"column":22},"end":{"line":87,"column":3}},"36":{"start":{"line":86,"column":4},"end":{"line":86,"column":40}},"37":{"start":{"line":89,"column":16},"end":{"line":101,"column":3}},"38":{"start":{"line":90,"column":79},"end":{"line":90,"column":89}},"39":{"start":{"line":91,"column":4},"end":{"line":93,"column":5}},"40":{"start":{"line":92,"column":6},"end":{"line":92,"column":96}},"41":{"start":{"line":94,"column":4},"end":{"line":94,"column":29}},"42":{"start":{"line":95,"column":4},"end":{"line":100,"column":12}},"43":{"start":{"line":96,"column":23},"end":{"line":96,"column":88}},"44":{"start":{"line":96,"column":59},"end":{"line":96,"column":87}},"45":{"start":{"line":97,"column":6},"end":{"line":99,"column":7}},"46":{"start":{"line":98,"column":8},"end":{"line":98,"column":50}},"47":{"start":{"line":103,"column":18},"end":{"line":111,"column":3}},"48":{"start":{"line":104,"column":20},"end":{"line":104,"column":50}},"49":{"start":{"line":105,"column":18},"end":{"line":108,"column":5}},"50":{"start":{"line":109,"column":4},"end":{"line":109,"column":30}},"51":{"start":{"line":110,"column":4},"end":{"line":110,"column":23}},"52":{"start":{"line":113,"column":29},"end":{"line":122,"column":3}},"53":{"start":{"line":114,"column":4},"end":{"line":118,"column":6}},"54":{"start":{"line":115,"column":6},"end":{"line":117,"column":7}},"55":{"start":{"line":116,"column":8},"end":{"line":116,"column":38}},"56":{"start":{"line":119,"column":4},"end":{"line":119,"column":34}},"57":{"start":{"line":120,"column":4},"end":{"line":120,"column":23}},"58":{"start":{"line":121,"column":4},"end":{"line":121,"column":23}},"59":{"start":{"line":124,"column":18},"end":{"line":127,"column":3}},"60":{"start":{"line":125,"column":4},"end":{"line":125,"column":37}},"61":{"start":{"line":126,"column":4},"end":{"line":126,"column":23}},"62":{"start":{"line":130,"column":54},"end":{"line":130,"column":64}},"63":{"start":{"line":131,"column":28},"end":{"line":131,"column":109}},"64":{"start":{"line":131,"column":66},"end":{"line":131,"column":108}},"65":{"start":{"line":132,"column":24},"end":{"line":145,"column":6}},"66":{"start":{"line":133,"column":28},"end":{"line":133,"column":30}},"67":{"start":{"line":134,"column":6},"end":{"line":138,"column":7}},"68":{"start":{"line":135,"column":8},"end":{"line":135,"column":48}},"69":{"start":{"line":137,"column":8},"end":{"line":137,"column":39}},"70":{"start":{"line":139,"column":6},"end":{"line":144,"column":7}},"71":{"start":{"line":141,"column":82},"end":{"line":141,"column":112}},"72":{"start":{"line":142,"column":83},"end":{"line":142,"column":113}},"73":{"start":{"line":146,"column":28},"end":{"line":159,"column":8}},"74":{"start":{"line":147,"column":30},"end":{"line":147,"column":32}},"75":{"start":{"line":148,"column":8},"end":{"line":152,"column":9}},"76":{"start":{"line":149,"column":10},"end":{"line":149,"column":50}},"77":{"start":{"line":151,"column":10},"end":{"line":151,"column":41}},"78":{"start":{"line":153,"column":8},"end":{"line":158,"column":9}},"79":{"start":{"line":155,"column":91},"end":{"line":155,"column":112}},"80":{"start":{"line":156,"column":92},"end":{"line":156,"column":140}},"81":{"start":{"line":160,"column":4},"end":{"line":167,"column":6}}},"fnMap":{"0":{"name":"(anonymous_0)","decl":{"start":{"line":10,"column":2},"end":{"line":10,"column":3}},"loc":{"start":{"line":10,"column":16},"end":{"line":26,"column":3}},"line":10},"1":{"name":"(anonymous_1)","decl":{"start":{"line":28,"column":22},"end":{"line":28,"column":23}},"loc":{"start":{"line":28,"column":28},"end":{"line":31,"column":3}},"line":28},"2":{"name":"(anonymous_2)","decl":{"start":{"line":33,"column":16},"end":{"line":33,"column":17}},"loc":{"start":{"line":33,"column":22},"end":{"line":37,"column":3}},"line":33},"3":{"name":"(anonymous_3)","decl":{"start":{"line":35,"column":12},"end":{"line":35,"column":13}},"loc":{"start":{"line":35,"column":24},"end":{"line":35,"column":51}},"line":35},"4":{"name":"(anonymous_4)","decl":{"start":{"line":36,"column":13},"end":{"line":36,"column":14}},"loc":{"start":{"line":36,"column":22},"end":{"line":36,"column":40}},"line":36},"5":{"name":"(anonymous_5)","decl":{"start":{"line":39,"column":16},"end":{"line":39,"column":17}},"loc":{"start":{"line":39,"column":22},"end":{"line":43,"column":3}},"line":39},"6":{"name":"(anonymous_6)","decl":{"start":{"line":41,"column":12},"end":{"line":41,"column":13}},"loc":{"start":{"line":41,"column":24},"end":{"line":41,"column":51}},"line":41},"7":{"name":"(anonymous_7)","decl":{"start":{"line":42,"column":13},"end":{"line":42,"column":14}},"loc":{"start":{"line":42,"column":22},"end":{"line":42,"column":40}},"line":42},"8":{"name":"(anonymous_8)","decl":{"start":{"line":45,"column":18},"end":{"line":45,"column":19}},"loc":{"start":{"line":45,"column":25},"end":{"line":48,"column":3}},"line":45},"9":{"name":"(anonymous_9)","decl":{"start":{"line":50,"column":18},"end":{"line":50,"column":19}},"loc":{"start":{"line":50,"column":34},"end":{"line":60,"column":3}},"line":50},"10":{"name":"(anonymous_10)","decl":{"start":{"line":62,"column":20},"end":{"line":62,"column":21}},"loc":{"start":{"line":62,"column":26},"end":{"line":79,"column":3}},"line":62},"11":{"name":"(anonymous_11)","decl":{"start":{"line":72,"column":21},"end":{"line":72,"column":22}},"loc":{"start":{"line":72,"column":39},"end":{"line":77,"column":7}},"line":72},"12":{"name":"(anonymous_12)","decl":{"start":{"line":81,"column":22},"end":{"line":81,"column":23}},"loc":{"start":{"line":81,"column":33},"end":{"line":83,"column":3}},"line":81},"13":{"name":"(anonymous_13)","decl":{"start":{"line":85,"column":22},"end":{"line":85,"column":23}},"loc":{"start":{"line":85,"column":32},"end":{"line":87,"column":3}},"line":85},"14":{"name":"(anonymous_14)","decl":{"start":{"line":89,"column":16},"end":{"line":89,"column":17}},"loc":{"start":{"line":89,"column":28},"end":{"line":101,"column":3}},"line":89},"15":{"name":"(anonymous_15)","decl":{"start":{"line":95,"column":15},"end":{"line":95,"column":16}},"loc":{"start":{"line":95,"column":21},"end":{"line":100,"column":5}},"line":95},"16":{"name":"(anonymous_16)","decl":{"start":{"line":96,"column":48},"end":{"line":96,"column":49}},"loc":{"start":{"line":96,"column":59},"end":{"line":96,"column":87}},"line":96},"17":{"name":"(anonymous_17)","decl":{"start":{"line":103,"column":18},"end":{"line":103,"column":19}},"loc":{"start":{"line":103,"column":34},"end":{"line":111,"column":3}},"line":103},"18":{"name":"(anonymous_18)","decl":{"start":{"line":113,"column":29},"end":{"line":113,"column":30}},"loc":{"start":{"line":113,"column":50},"end":{"line":122,"column":3}},"line":113},"19":{"name":"(anonymous_19)","decl":{"start":{"line":114,"column":38},"end":{"line":114,"column":39}},"loc":{"start":{"line":114,"column":49},"end":{"line":118,"column":5}},"line":114},"20":{"name":"(anonymous_20)","decl":{"start":{"line":124,"column":18},"end":{"line":124,"column":19}},"loc":{"start":{"line":124,"column":32},"end":{"line":127,"column":3}},"line":124},"21":{"name":"(anonymous_21)","decl":{"start":{"line":129,"column":2},"end":{"line":129,"column":3}},"loc":{"start":{"line":129,"column":11},"end":{"line":168,"column":3}},"line":129},"22":{"name":"(anonymous_22)","decl":{"start":{"line":131,"column":55},"end":{"line":131,"column":56}},"loc":{"start":{"line":131,"column":66},"end":{"line":131,"column":108}},"line":131},"23":{"name":"(anonymous_23)","decl":{"start":{"line":132,"column":44},"end":{"line":132,"column":45}},"loc":{"start":{"line":132,"column":55},"end":{"line":145,"column":5}},"line":132},"24":{"name":"(anonymous_24)","decl":{"start":{"line":141,"column":75},"end":{"line":141,"column":76}},"loc":{"start":{"line":141,"column":82},"end":{"line":141,"column":112}},"line":141},"25":{"name":"(anonymous_25)","decl":{"start":{"line":142,"column":77},"end":{"line":142,"column":78}},"loc":{"start":{"line":142,"column":83},"end":{"line":142,"column":113}},"line":142},"26":{"name":"(anonymous_26)","decl":{"start":{"line":146,"column":52},"end":{"line":146,"column":53}},"loc":{"start":{"line":146,"column":63},"end":{"line":159,"column":7}},"line":146},"27":{"name":"(anonymous_27)","decl":{"start":{"line":155,"column":84},"end":{"line":155,"column":85}},"loc":{"start":{"line":155,"column":91},"end":{"line":155,"column":112}},"line":155},"28":{"name":"(anonymous_28)","decl":{"start":{"line":156,"column":86},"end":{"line":156,"column":87}},"loc":{"start":{"line":156,"column":92},"end":{"line":156,"column":140}},"line":156}},"branchMap":{"0":{"loc":{"start":{"line":65,"column":4},"end":{"line":78,"column":5}},"type":"if","locations":[{"start":{"line":65,"column":4},"end":{"line":78,"column":5}},{"start":{"line":65,"column":4},"end":{"line":78,"column":5}}],"line":65},"1":{"loc":{"start":{"line":73,"column":8},"end":{"line":76,"column":9}},"type":"if","locations":[{"start":{"line":73,"column":8},"end":{"line":76,"column":9}},{"start":{"line":73,"column":8},"end":{"line":76,"column":9}}],"line":73},"2":{"loc":{"start":{"line":91,"column":4},"end":{"line":93,"column":5}},"type":"if","locations":[{"start":{"line":91,"column":4},"end":{"line":93,"column":5}},{"start":{"line":91,"column":4},"end":{"line":93,"column":5}}],"line":91},"3":{"loc":{"start":{"line":91,"column":8},"end":{"line":91,"column":130}},"type":"binary-expr","locations":[{"start":{"line":91,"column":8},"end":{"line":91,"column":21}},{"start":{"line":91,"column":25},"end":{"line":91,"column":38}},{"start":{"line":91,"column":42},"end":{"line":91,"column":55}},{"start":{"line":91,"column":59},"end":{"line":91,"column":72}},{"start":{"line":91,"column":76},"end":{"line":91,"column":89}},{"start":{"line":91,"column":93},"end":{"line":91,"column":108}},{"start":{"line":91,"column":112},"end":{"line":91,"column":130}}],"line":91},"4":{"loc":{"start":{"line":97,"column":6},"end":{"line":99,"column":7}},"type":"if","locations":[{"start":{"line":97,"column":6},"end":{"line":99,"column":7}},{"start":{"line":97,"column":6},"end":{"line":99,"column":7}}],"line":97},"5":{"loc":{"start":{"line":115,"column":6},"end":{"line":117,"column":7}},"type":"if","locations":[{"start":{"line":115,"column":6},"end":{"line":117,"column":7}},{"start":{"line":115,"column":6},"end":{"line":117,"column":7}}],"line":115},"6":{"loc":{"start":{"line":134,"column":6},"end":{"line":138,"column":7}},"type":"if","locations":[{"start":{"line":134,"column":6},"end":{"line":138,"column":7}},{"start":{"line":134,"column":6},"end":{"line":138,"column":7}}],"line":134},"7":{"loc":{"start":{"line":148,"column":8},"end":{"line":152,"column":9}},"type":"if","locations":[{"start":{"line":148,"column":8},"end":{"line":152,"column":9}},{"start":{"line":148,"column":8},"end":{"line":152,"column":9}}],"line":148}},"s":{"0":11,"1":11,"2":11,"3":11,"4":11,"5":11,"6":14,"7":14,"8":0,"9":11,"10":14,"11":14,"12":0,"13":11,"14":1,"15":1,"16":11,"17":1,"18":1,"19":1,"20":11,"21":0,"22":0,"23":0,"24":0,"25":0,"26":0,"27":0,"28":0,"29":0,"30":0,"31":0,"32":0,"33":11,"34":1,"35":11,"36":1,"37":11,"38":0,"39":0,"40":0,"41":0,"42":0,"43":0,"44":0,"45":0,"46":0,"47":11,"48":1,"49":1,"50":1,"51":1,"52":11,"53":0,"54":0,"55":0,"56":0,"57":0,"58":0,"59":11,"60":1,"61":1,"62":46,"63":46,"64":24,"65":46,"66":0,"67":0,"68":0,"69":0,"70":0,"71":0,"72":0,"73":46,"74":35,"75":35,"76":0,"77":35,"78":35,"79":0,"80":0,"81":46},"f":{"0":11,"1":11,"2":14,"3":14,"4":0,"5":14,"6":14,"7":0,"8":1,"9":1,"10":0,"11":0,"12":1,"13":1,"14":0,"15":0,"16":0,"17":1,"18":0,"19":0,"20":1,"21":46,"22":24,"23":0,"24":0,"25":0,"26":35,"27":0,"28":0},"b":{"0":[0,0],"1":[0,0],"2":[0,0],"3":[0,0,0,0,0,0,0],"4":[0,0],"5":[0,0],"6":[0,0],"7":[0,35]},"_coverageSchema":"43e27e138ebf9cfc5966b082cf9a028302ed4184","hash":"7786d933cc56a36f2a2520f087c19a185ae04eb1"}
,"/Users/sam/color_picker_fe/src/components/PaletteContainer/PaletteContainer.js": {"path":"/Users/sam/color_picker_fe/src/components/PaletteContainer/PaletteContainer.js","statementMap":{"0":{"start":{"line":7,"column":4},"end":{"line":7,"column":12}},"1":{"start":{"line":8,"column":4},"end":{"line":10,"column":5}},"2":{"start":{"line":14,"column":4},"end":{"line":20,"column":5}},"3":{"start":{"line":15,"column":6},"end":{"line":15,"column":40}},"4":{"start":{"line":16,"column":6},"end":{"line":16,"column":38}},"5":{"start":{"line":18,"column":6},"end":{"line":18,"column":52}},"6":{"start":{"line":19,"column":6},"end":{"line":19,"column":50}},"7":{"start":{"line":24,"column":21},"end":{"line":40,"column":6}},"8":{"start":{"line":25,"column":20},"end":{"line":25,"column":25}},"9":{"start":{"line":26,"column":24},"end":{"line":26,"column":34}},"10":{"start":{"line":27,"column":6},"end":{"line":30,"column":7}},"11":{"start":{"line":28,"column":8},"end":{"line":28,"column":24}},"12":{"start":{"line":29,"column":8},"end":{"line":29,"column":39}},"13":{"start":{"line":31,"column":18},"end":{"line":33,"column":7}},"14":{"start":{"line":34,"column":6},"end":{"line":39,"column":7}},"15":{"start":{"line":36,"column":69},"end":{"line":36,"column":88}},"16":{"start":{"line":41,"column":4},"end":{"line":45,"column":5}}},"fnMap":{"0":{"name":"(anonymous_0)","decl":{"start":{"line":6,"column":2},"end":{"line":6,"column":3}},"loc":{"start":{"line":6,"column":16},"end":{"line":11,"column":3}},"line":6},"1":{"name":"(anonymous_1)","decl":{"start":{"line":13,"column":2},"end":{"line":13,"column":3}},"loc":{"start":{"line":13,"column":17},"end":{"line":21,"column":3}},"line":13},"2":{"name":"(anonymous_2)","decl":{"start":{"line":23,"column":2},"end":{"line":23,"column":3}},"loc":{"start":{"line":23,"column":11},"end":{"line":46,"column":3}},"line":23},"3":{"name":"(anonymous_3)","decl":{"start":{"line":24,"column":43},"end":{"line":24,"column":44}},"loc":{"start":{"line":24,"column":61},"end":{"line":40,"column":5}},"line":24},"4":{"name":"(anonymous_4)","decl":{"start":{"line":36,"column":62},"end":{"line":36,"column":63}},"loc":{"start":{"line":36,"column":69},"end":{"line":36,"column":88}},"line":36}},"branchMap":{"0":{"loc":{"start":{"line":14,"column":4},"end":{"line":20,"column":5}},"type":"if","locations":[{"start":{"line":14,"column":4},"end":{"line":20,"column":5}},{"start":{"line":14,"column":4},"end":{"line":20,"column":5}}],"line":14},"1":{"loc":{"start":{"line":27,"column":6},"end":{"line":30,"column":7}},"type":"if","locations":[{"start":{"line":27,"column":6},"end":{"line":30,"column":7}},{"start":{"line":27,"column":6},"end":{"line":30,"column":7}}],"line":27},"2":{"loc":{"start":{"line":36,"column":91},"end":{"line":36,"column":112}},"type":"cond-expr","locations":[{"start":{"line":36,"column":101},"end":{"line":36,"column":105}},{"start":{"line":36,"column":108},"end":{"line":36,"column":112}}],"line":36}},"s":{"0":2,"1":2,"2":1,"3":0,"4":0,"5":1,"6":1,"7":3,"8":15,"9":15,"10":15,"11":1,"12":1,"13":15,"14":15,"15":0,"16":3},"f":{"0":2,"1":1,"2":3,"3":15,"4":0},"b":{"0":[0,1],"1":[1,14],"2":[1,14]},"_coverageSchema":"43e27e138ebf9cfc5966b082cf9a028302ed4184","hash":"5d047a869381b2c6bf7f16de593167e3618ca7ba"}
,"/Users/sam/color_picker_fe/src/components/Palettes/Palettes.js": {"path":"/Users/sam/color_picker_fe/src/components/Palettes/Palettes.js","statementMap":{"0":{"start":{"line":6,"column":4},"end":{"line":6,"column":12}},"1":{"start":{"line":7,"column":4},"end":{"line":9,"column":5}},"2":{"start":{"line":12,"column":16},"end":{"line":15,"column":3}},"3":{"start":{"line":13,"column":4},"end":{"line":13,"column":60}},"4":{"start":{"line":14,"column":4},"end":{"line":14,"column":56}},"5":{"start":{"line":17,"column":18},"end":{"line":20,"column":3}},"6":{"start":{"line":18,"column":4},"end":{"line":18,"column":29}},"7":{"start":{"line":19,"column":4},"end":{"line":19,"column":37}},"8":{"start":{"line":23,"column":4},"end":{"line":41,"column":5}},"9":{"start":{"line":29,"column":126},"end":{"line":29,"column":149}}},"fnMap":{"0":{"name":"(anonymous_0)","decl":{"start":{"line":5,"column":2},"end":{"line":5,"column":3}},"loc":{"start":{"line":5,"column":16},"end":{"line":10,"column":3}},"line":5},"1":{"name":"(anonymous_1)","decl":{"start":{"line":12,"column":16},"end":{"line":12,"column":17}},"loc":{"start":{"line":12,"column":33},"end":{"line":15,"column":3}},"line":12},"2":{"name":"(anonymous_2)","decl":{"start":{"line":17,"column":18},"end":{"line":17,"column":19}},"loc":{"start":{"line":17,"column":24},"end":{"line":20,"column":3}},"line":17},"3":{"name":"(anonymous_3)","decl":{"start":{"line":22,"column":2},"end":{"line":22,"column":3}},"loc":{"start":{"line":22,"column":12},"end":{"line":42,"column":3}},"line":22},"4":{"name":"(anonymous_4)","decl":{"start":{"line":29,"column":117},"end":{"line":29,"column":118}},"loc":{"start":{"line":29,"column":126},"end":{"line":29,"column":149}},"line":29}},"branchMap":{},"s":{"0":0,"1":0,"2":0,"3":0,"4":0,"5":0,"6":0,"7":0,"8":0,"9":0},"f":{"0":0,"1":0,"2":0,"3":0,"4":0},"b":{},"_coverageSchema":"43e27e138ebf9cfc5966b082cf9a028302ed4184","hash":"7ff0d4be3806dfab177f1cb7f797f5895b7cabca"}
,"/Users/sam/color_picker_fe/src/components/Projects/Projects.js": {"path":"/Users/sam/color_picker_fe/src/components/Projects/Projects.js","statementMap":{"0":{"start":{"line":6,"column":4},"end":{"line":6,"column":12}},"1":{"start":{"line":7,"column":4},"end":{"line":9,"column":5}},"2":{"start":{"line":12,"column":16},"end":{"line":14,"column":3}},"3":{"start":{"line":13,"column":4},"end":{"line":13,"column":53}},"4":{"start":{"line":16,"column":18},"end":{"line":21,"column":3}},"5":{"start":{"line":17,"column":4},"end":{"line":20,"column":5}},"6":{"start":{"line":18,"column":6},"end":{"line":18,"column":51}},"7":{"start":{"line":19,"column":6},"end":{"line":19,"column":39}},"8":{"start":{"line":24,"column":4},"end":{"line":44,"column":5}},"9":{"start":{"line":35,"column":31},"end":{"line":35,"column":54}},"10":{"start":{"line":37,"column":60},"end":{"line":37,"column":80}}},"fnMap":{"0":{"name":"(anonymous_0)","decl":{"start":{"line":5,"column":2},"end":{"line":5,"column":3}},"loc":{"start":{"line":5,"column":16},"end":{"line":10,"column":3}},"line":5},"1":{"name":"(anonymous_1)","decl":{"start":{"line":12,"column":16},"end":{"line":12,"column":17}},"loc":{"start":{"line":12,"column":27},"end":{"line":14,"column":3}},"line":12},"2":{"name":"(anonymous_2)","decl":{"start":{"line":16,"column":18},"end":{"line":16,"column":19}},"loc":{"start":{"line":16,"column":24},"end":{"line":21,"column":3}},"line":16},"3":{"name":"(anonymous_3)","decl":{"start":{"line":23,"column":2},"end":{"line":23,"column":3}},"loc":{"start":{"line":23,"column":12},"end":{"line":45,"column":3}},"line":23},"4":{"name":"(anonymous_4)","decl":{"start":{"line":35,"column":22},"end":{"line":35,"column":23}},"loc":{"start":{"line":35,"column":31},"end":{"line":35,"column":54}},"line":35},"5":{"name":"(anonymous_5)","decl":{"start":{"line":37,"column":54},"end":{"line":37,"column":55}},"loc":{"start":{"line":37,"column":60},"end":{"line":37,"column":80}},"line":37}},"branchMap":{"0":{"loc":{"start":{"line":17,"column":4},"end":{"line":20,"column":5}},"type":"if","locations":[{"start":{"line":17,"column":4},"end":{"line":20,"column":5}},{"start":{"line":17,"column":4},"end":{"line":20,"column":5}}],"line":17}},"s":{"0":0,"1":0,"2":0,"3":0,"4":0,"5":0,"6":0,"7":0,"8":0,"9":0,"10":0},"f":{"0":0,"1":0,"2":0,"3":0,"4":0,"5":0},"b":{"0":[0,0]},"_coverageSchema":"43e27e138ebf9cfc5966b082cf9a028302ed4184","hash":"379ce1aa457c94ea31cef048513e3b91cf688539"}
,"/Users/sam/color_picker_fe/src/components/Welcome/Welcome.js": {"path":"/Users/sam/color_picker_fe/src/components/Welcome/Welcome.js","statementMap":{"0":{"start":{"line":4,"column":16},"end":{"line":11,"column":1}},"1":{"start":{"line":6,"column":2},"end":{"line":10,"column":3}}},"fnMap":{"0":{"name":"(anonymous_0)","decl":{"start":{"line":4,"column":16},"end":{"line":4,"column":17}},"loc":{"start":{"line":4,"column":27},"end":{"line":11,"column":1}},"line":4}},"branchMap":{},"s":{"0":2,"1":1},"f":{"0":1},"b":{},"_coverageSchema":"43e27e138ebf9cfc5966b082cf9a028302ed4184","hash":"f01d759f7f7b279f16a30b3d476e114d271e2186"}
}
