TN:
SF:/Users/sam/color_picker_fe/src/apiCalls.js
FN:1,(anonymous_0)
FN:7,(anonymous_1)
FN:13,(anonymous_2)
FN:19,(anonymous_3)
FN:25,(anonymous_4)
FN:39,(anonymous_5)
FN:53,(anonymous_6)
FN:66,(anonymous_7)
FN:79,(anonymous_8)
FN:93,(anonymous_9)
FNF:10
FNH:10
FNDA:4,(anonymous_0)
FNDA:4,(anonymous_1)
FNDA:4,(anonymous_2)
FNDA:4,(anonymous_3)
FNDA:3,(anonymous_4)
FNDA:3,(anonymous_5)
FNDA:2,(anonymous_6)
FNDA:2,(anonymous_7)
FNDA:4,(anonymous_8)
FNDA:2,(anonymous_9)
DA:1,2
DA:2,4
DA:3,3
DA:4,2
DA:7,2
DA:8,4
DA:9,3
DA:10,2
DA:13,2
DA:14,4
DA:15,3
DA:16,2
DA:19,2
DA:20,4
DA:21,3
DA:22,2
DA:25,2
DA:26,3
DA:34,3
DA:35,3
DA:36,2
DA:39,2
DA:40,3
DA:48,3
DA:49,3
DA:50,2
DA:53,2
DA:54,2
DA:61,2
DA:62,2
DA:63,2
DA:66,2
DA:67,2
DA:74,2
DA:75,2
DA:76,2
DA:79,2
DA:80,4
DA:88,4
DA:89,4
DA:90,2
DA:93,2
DA:94,2
DA:102,2
DA:103,2
DA:104,2
LF:46
LH:46
BRF:0
BRH:0
end_of_record
TN:
SF:/Users/sam/color_picker_fe/src/index.js
FNF:0
FNH:0
DA:7,0
LF:1
LH:0
BRF:0
BRH:0
end_of_record
TN:
SF:/Users/sam/color_picker_fe/src/components/App/App.js
FN:10,(anonymous_0)
FN:28,(anonymous_1)
FN:33,(anonymous_2)
FN:35,(anonymous_3)
FN:36,(anonymous_4)
FN:39,(anonymous_5)
FN:41,(anonymous_6)
FN:42,(anonymous_7)
FN:45,(anonymous_8)
FN:50,(anonymous_9)
FN:62,(anonymous_10)
FN:72,(anonymous_11)
FN:81,(anonymous_12)
FN:85,(anonymous_13)
FN:89,(anonymous_14)
FN:95,(anonymous_15)
FN:96,(anonymous_16)
FN:103,(anonymous_17)
FN:113,(anonymous_18)
FN:114,(anonymous_19)
FN:124,(anonymous_20)
FN:129,(anonymous_21)
FN:131,(anonymous_22)
FN:132,(anonymous_23)
FN:141,(anonymous_24)
FN:142,(anonymous_25)
FN:146,(anonymous_26)
FN:155,(anonymous_27)
FN:156,(anonymous_28)
FNF:29
FNH:15
FNDA:11,(anonymous_0)
FNDA:11,(anonymous_1)
FNDA:14,(anonymous_2)
FNDA:14,(anonymous_3)
FNDA:0,(anonymous_4)
FNDA:14,(anonymous_5)
FNDA:14,(anonymous_6)
FNDA:0,(anonymous_7)
FNDA:1,(anonymous_8)
FNDA:1,(anonymous_9)
FNDA:0,(anonymous_10)
FNDA:0,(anonymous_11)
FNDA:1,(anonymous_12)
FNDA:1,(anonymous_13)
FNDA:0,(anonymous_14)
FNDA:0,(anonymous_15)
FNDA:0,(anonymous_16)
FNDA:1,(anonymous_17)
FNDA:0,(anonymous_18)
FNDA:0,(anonymous_19)
FNDA:1,(anonymous_20)
FNDA:46,(anonymous_21)
FNDA:24,(anonymous_22)
FNDA:0,(anonymous_23)
FNDA:0,(anonymous_24)
FNDA:0,(anonymous_25)
FNDA:35,(anonymous_26)
FNDA:0,(anonymous_27)
FNDA:0,(anonymous_28)
DA:11,11
DA:12,11
DA:28,11
DA:29,11
DA:30,11
DA:33,11
DA:34,14
DA:35,14
DA:36,0
DA:39,11
DA:40,14
DA:41,14
DA:42,0
DA:45,11
DA:46,1
DA:47,1
DA:50,11
DA:51,1
DA:52,1
DA:53,1
DA:62,11
DA:63,0
DA:64,0
DA:65,0
DA:66,0
DA:67,0
DA:68,0
DA:69,0
DA:70,0
DA:72,0
DA:73,0
DA:74,0
DA:75,0
DA:81,11
DA:82,1
DA:85,11
DA:86,1
DA:89,11
DA:90,0
DA:91,0
DA:92,0
DA:94,0
DA:95,0
DA:96,0
DA:97,0
DA:98,0
DA:103,11
DA:104,1
DA:105,1
DA:109,1
DA:110,1
DA:113,11
DA:114,0
DA:115,0
DA:116,0
DA:119,0
DA:120,0
DA:121,0
DA:124,11
DA:125,1
DA:126,1
DA:130,46
DA:131,46
DA:132,46
DA:133,0
DA:134,0
DA:135,0
DA:137,0
DA:139,0
DA:141,0
DA:142,0
DA:146,46
DA:147,35
DA:148,35
DA:149,0
DA:151,35
DA:153,35
DA:155,0
DA:156,0
DA:160,46
LF:80
LH:42
BRDA:65,0,0,0
BRDA:65,0,1,0
BRDA:73,1,0,0
BRDA:73,1,1,0
BRDA:91,2,0,0
BRDA:91,2,1,0
BRDA:91,3,0,0
BRDA:91,3,1,0
BRDA:91,3,2,0
BRDA:91,3,3,0
BRDA:91,3,4,0
BRDA:91,3,5,0
BRDA:91,3,6,0
BRDA:97,4,0,0
BRDA:97,4,1,0
BRDA:115,5,0,0
BRDA:115,5,1,0
BRDA:134,6,0,0
BRDA:134,6,1,0
BRDA:148,7,0,0
BRDA:148,7,1,35
BRF:21
BRH:1
end_of_record
TN:
SF:/Users/sam/color_picker_fe/src/components/PaletteContainer/PaletteContainer.js
FN:6,(anonymous_0)
FN:13,(anonymous_1)
FN:23,(anonymous_2)
FN:24,(anonymous_3)
FN:36,(anonymous_4)
FNF:5
FNH:4
FNDA:2,(anonymous_0)
FNDA:1,(anonymous_1)
FNDA:3,(anonymous_2)
FNDA:15,(anonymous_3)
FNDA:0,(anonymous_4)
DA:7,2
DA:8,2
DA:14,1
DA:15,0
DA:16,0
DA:18,1
DA:19,1
DA:24,3
DA:25,15
DA:26,15
DA:27,15
DA:28,1
DA:29,1
DA:31,15
DA:34,15
DA:36,0
DA:41,3
LF:17
LH:14
BRDA:14,0,0,0
BRDA:14,0,1,1
BRDA:27,1,0,1
BRDA:27,1,1,14
BRDA:36,2,0,1
BRDA:36,2,1,14
BRF:6
BRH:5
end_of_record
TN:
SF:/Users/sam/color_picker_fe/src/components/Palettes/Palettes.js
FN:5,(anonymous_0)
FN:12,(anonymous_1)
FN:17,(anonymous_2)
FN:22,(anonymous_3)
FN:29,(anonymous_4)
FNF:5
FNH:0
FNDA:0,(anonymous_0)
FNDA:0,(anonymous_1)
FNDA:0,(anonymous_2)
FNDA:0,(anonymous_3)
FNDA:0,(anonymous_4)
DA:6,0
DA:7,0
DA:12,0
DA:13,0
DA:14,0
DA:17,0
DA:18,0
DA:19,0
DA:23,0
DA:29,0
LF:10
LH:0
BRF:0
BRH:0
end_of_record
TN:
SF:/Users/sam/color_picker_fe/src/components/Projects/Projects.js
FN:5,(anonymous_0)
FN:12,(anonymous_1)
FN:16,(anonymous_2)
FN:23,(anonymous_3)
FN:35,(anonymous_4)
FN:37,(anonymous_5)
FNF:6
FNH:0
FNDA:0,(anonymous_0)
FNDA:0,(anonymous_1)
FNDA:0,(anonymous_2)
FNDA:0,(anonymous_3)
FNDA:0,(anonymous_4)
FNDA:0,(anonymous_5)
DA:6,0
DA:7,0
DA:12,0
DA:13,0
DA:16,0
DA:17,0
DA:18,0
DA:19,0
DA:24,0
DA:35,0
DA:37,0
LF:11
LH:0
BRDA:17,0,0,0
BRDA:17,0,1,0
BRF:2
BRH:0
end_of_record
TN:
SF:/Users/sam/color_picker_fe/src/components/Welcome/Welcome.js
FN:4,(anonymous_0)
FNF:1
FNH:1
FNDA:1,(anonymous_0)
DA:4,2
DA:6,1
LF:2
LH:2
BRF:0
BRH:0
end_of_record
